<?xml version="1.0" encoding="UTF-8"?>
<testng-results skipped="0" failed="0" ignored="0" total="1" passed="1">
  <reporter-output>
  </reporter-output>
  <suite name="Default suite" duration-ms="89815" started-at="2022-06-07T18:31:41Z" finished-at="2022-06-07T18:33:11Z">
    <groups>
    </groups>
    <test name="Default test" duration-ms="89815" started-at="2022-06-07T18:31:41Z" finished-at="2022-06-07T18:33:11Z">
      <class name="com.selenium.m1.Ecommerces">
        <test-method status="PASS" signature="opening()[pri:0, instance:com.selenium.m1.Ecommerces@4cf777e8]" name="opening" duration-ms="89793" started-at="2022-06-08T00:01:41Z" finished-at="2022-06-08T00:03:11Z">
          <reporter-output>
          </reporter-output>
        </test-method> <!-- opening -->
      </class> <!-- com.selenium.m1.Ecommerces -->
    </test> <!-- Default test -->
  </suite> <!-- Default suite -->
</testng-results>
