<?xml version="1.0" encoding="UTF-8"?>
<testng-results skipped="0" failed="0" ignored="0" total="1" passed="1">
  <reporter-output>
  </reporter-output>
  <suite name="Default suite" duration-ms="10615" started-at="2022-06-03T07:06:27Z" finished-at="2022-06-03T07:06:38Z">
    <groups>
    </groups>
    <test name="Default test" duration-ms="10615" started-at="2022-06-03T07:06:27Z" finished-at="2022-06-03T07:06:38Z">
      <class name="com.selenium.webelement.signin">
        <test-method status="PASS" signature="testrediffsignin()[pri:0, instance:com.selenium.webelement.signin@13805618]" name="testrediffsignin" duration-ms="10596" started-at="2022-06-03T12:36:27Z" finished-at="2022-06-03T12:36:38Z">
          <reporter-output>
          </reporter-output>
        </test-method> <!-- testrediffsignin -->
      </class> <!-- com.selenium.webelement.signin -->
    </test> <!-- Default test -->
  </suite> <!-- Default suite -->
</testng-results>
